[ 2025-08-14 18:15:36,089 ] 35 root - INFO - Starting preprocessing of 'ratings' column.
[ 2025-08-14 18:15:36,090 ] 39 root - INFO - Sample DataFrame loaded for demonstration.
[ 2025-08-14 18:15:36,143 ] 43 root - INFO - Applied parsing function to 'ratings' column.
[ 2025-08-14 18:15:36,157 ] 47 root - INFO - Expanded dictionaries into a new ratings DataFrame.
[ 2025-08-14 18:15:36,158 ] 50 root - INFO - Calculating the average rating for each property.
[ 2025-08-14 18:15:36,169 ] 54 root - INFO - Successfully created 'avg_rating' feature.
[ 2025-08-14 18:15:36,250 ] 59 root - INFO - Successfully preprocessed ratings. Final DataFrame structure:
[ 2025-08-14 18:28:08,525 ] 26 root - INFO - Starting preprocessing of the 'agePossession' column.
[ 2025-08-14 18:28:08,536 ] 33 root - INFO - Sample DataFrame created for 'agePossession' preprocessing.
[ 2025-08-14 18:28:08,549 ] 34 root - INFO - Original 'agePossession' column dtypes:
0                    10
1                     5
2                    15
3             undefined
4                     1
5                     0
6       Within 6 months
7              Jun 2024
8    Under Construction
[ 2025-08-14 18:28:08,558 ] 38 root - INFO - Successfully applied preprocessing function and created 'agePossession_years'.
[ 2025-08-14 18:28:08,561 ] 42 root - INFO - Calculated median age for imputation: 0.5
[ 2025-08-14 18:28:08,566 ] 44 root - INFO - Filled missing values in 'agePossession_years' with the median.
[ 2025-08-14 18:28:08,567 ] 47 root - INFO - Final preprocessed DataFrame:
[ 2025-08-14 18:29:40,357 ] 26 root - INFO - Starting preprocessing of the 'agePossession' column.
[ 2025-08-14 18:29:40,358 ] 33 root - INFO - Sample DataFrame created for 'agePossession' preprocessing.
[ 2025-08-14 18:29:40,360 ] 34 root - INFO - Original 'agePossession' column dtypes:
0                    10
1                     5
2                    15
3             undefined
4                     1
5                     0
6       Within 6 months
7              Jun 2024
8    Under Construction
[ 2025-08-14 18:29:40,361 ] 38 root - INFO - Successfully applied preprocessing function and created 'agePossession_years'.
[ 2025-08-14 18:29:40,362 ] 42 root - INFO - Calculated median age for imputation: 0.0
[ 2025-08-14 18:29:40,362 ] 44 root - INFO - Filled missing values in 'agePossession_years' with the median.
[ 2025-08-14 18:29:40,363 ] 47 root - INFO - Final preprocessed DataFrame:
[ 2025-08-14 18:32:37,051 ] 29 root - INFO - Starting preprocessing of the 'agePossession' column.
[ 2025-08-14 18:32:37,052 ] 36 root - INFO - Sample DataFrame created for 'agePossession' preprocessing.
[ 2025-08-14 18:32:37,053 ] 37 root - INFO - Original 'agePossession' column dtypes:
0                    10
1                     5
2                    15
3             undefined
4                     1
5                     0
6       Within 6 months
7              Jun 2024
8    Under Construction
[ 2025-08-14 18:32:37,054 ] 41 root - INFO - Successfully applied preprocessing function and created 'agePossession_years'.
[ 2025-08-14 18:32:37,055 ] 45 root - INFO - Calculated median age for imputation: 0.0
[ 2025-08-14 18:32:37,056 ] 47 root - INFO - Filled missing values in 'agePossession_years' with the median.
[ 2025-08-14 18:32:37,056 ] 50 root - INFO - Final preprocessed DataFrame:
[ 2025-08-14 18:33:17,103 ] 29 root - INFO - Starting preprocessing of the 'agePossession' column.
[ 2025-08-14 18:33:17,104 ] 36 root - INFO - Sample DataFrame created for 'agePossession' preprocessing.
[ 2025-08-14 18:33:17,105 ] 37 root - INFO - Original 'agePossession' column dtypes:
0                    10
1                     5
2                    15
3             undefined
4                     1
5                     0
6       Within 6 months
7              Jun 2024
8    Under Construction
[ 2025-08-14 18:33:17,106 ] 54 root - ERROR - A critical error occurred during 'agePossession' preprocessing.
[ 2025-08-14 18:33:35,135 ] 29 root - INFO - Starting preprocessing of the 'agePossession' column.
[ 2025-08-14 18:33:35,136 ] 36 root - INFO - Sample DataFrame created for 'agePossession' preprocessing.
[ 2025-08-14 18:33:35,137 ] 37 root - INFO - Original 'agePossession' column dtypes:
0                    10
1                     5
2                    15
3             undefined
4                     1
5                     0
6       Within 6 months
7              Jun 2024
8    Under Construction
[ 2025-08-14 18:33:35,138 ] 54 root - ERROR - A critical error occurred during 'agePossession' preprocessing.
[ 2025-08-14 18:33:56,224 ] 29 root - INFO - Starting preprocessing of the 'agePossession' column.
[ 2025-08-14 18:33:56,225 ] 36 root - INFO - Sample DataFrame created for 'agePossession' preprocessing.
[ 2025-08-14 18:33:56,226 ] 37 root - INFO - Original 'agePossession' column dtypes:
0                    10
1                     5
2                    15
3             undefined
4                     1
5                     0
6       Within 6 months
7              Jun 2024
8    Under Construction
[ 2025-08-14 18:33:56,227 ] 54 root - ERROR - A critical error occurred during 'agePossession' preprocessing.
[ 2025-08-14 18:35:27,158 ] 38 root - INFO - Starting preprocessing of the 'agePossession' column.
[ 2025-08-14 18:35:27,159 ] 45 root - INFO - Sample DataFrame created for 'agePossession' preprocessing.
[ 2025-08-14 18:35:27,161 ] 46 root - INFO - Original 'agePossession' column dtypes:
0                    10
1                     5
2                    15
3             undefined
4                     1
5                     0
6       Within 6 months
7              Jun 2024
8    Under Construction
[ 2025-08-14 18:35:27,162 ] 50 root - INFO - Successfully applied preprocessing function and created 'agePossession_years'.
[ 2025-08-14 18:35:27,163 ] 54 root - INFO - Calculated median age for imputation: 0.5
[ 2025-08-14 18:35:27,164 ] 56 root - INFO - Filled missing values in 'agePossession_years' with the median.
[ 2025-08-14 18:35:27,164 ] 59 root - INFO - Final preprocessed DataFrame:
[ 2025-08-14 18:54:54,736 ] 224 matplotlib.category - INFO - Using categorical units to plot a list of strings that are all parsable as floats or dates. If these strings should be plotted as numbers, cast to the appropriate data type before plotting.
[ 2025-08-14 18:54:54,782 ] 224 matplotlib.category - INFO - Using categorical units to plot a list of strings that are all parsable as floats or dates. If these strings should be plotted as numbers, cast to the appropriate data type before plotting.
